<?xml version="1.0" encoding="UTF-8"?>
<!-- Generated by org.testng.reporters.JUnitXMLReporter -->
<testsuite ignored="0" hostname="LAPTOP-KLN5B24I" failures="1" tests="1" name="Test" time="0.058" errors="0" timestamp="2022-03-31T15:45:55 IST">
  <testcase classname="scripts.TestCase1" name="loggingIn" time="0.0">
    <failure type="org.testng.TestNGException" message="
Cannot inject @Test annotated Method [loggingIn] with [interface org.openqa.selenium.WebDriver].
For more information on native dependency injection please refer to https://testng.org/doc/documentation-main.html#native-dependency-injection">
      <![CDATA[org.testng.TestNGException: 
Cannot inject @Test annotated Method [loggingIn] with [interface org.openqa.selenium.WebDriver].
For more information on native dependency injection please refer to https://testng.org/doc/documentation-main.html#native-dependency-injection
at java.base/java.util.ArrayList.forEach(ArrayList.java:1511)
... Removed 26 stack frames]]>
    </failure>
  </testcase> <!-- loggingIn -->
</testsuite> <!-- Test -->
