<?xml version="1.0" encoding="UTF-8"?>
<testng-results ignored="0" total="1" passed="1" failed="0" skipped="0">
  <reporter-output>
  </reporter-output>
  <suite started-at="2022-04-01T19:57:51 IST" name="Default suite" finished-at="2022-04-01T19:59:12 IST" duration-ms="80304">
    <groups>
    </groups>
    <test started-at="2022-04-01T19:57:51 IST" name="Default test" finished-at="2022-04-01T19:59:12 IST" duration-ms="80304">
      <class name="scripts.TestCase4">
        <test-method is-config="true" signature="openApplication()[pri:0, instance:scripts.TestCase4@353d0772]" started-at="2022-04-01T19:57:51 IST" name="openApplication" finished-at="2022-04-01T19:58:11 IST" duration-ms="19220" status="PASS">
          <reporter-output>
          </reporter-output>
        </test-method> <!-- openApplication -->
        <test-method signature="searchTrains()[pri:0, instance:scripts.TestCase4@353d0772]" started-at="2022-04-01T19:58:11 IST" name="searchTrains" finished-at="2022-04-01T19:59:09 IST" duration-ms="57884" status="PASS">
          <reporter-output>
          </reporter-output>
        </test-method> <!-- searchTrains -->
        <test-method is-config="true" signature="closeApplication(org.testng.ITestResult)[pri:0, instance:scripts.TestCase4@353d0772]" started-at="2022-04-01T19:59:09 IST" name="closeApplication" finished-at="2022-04-01T19:59:12 IST" duration-ms="3083" status="PASS">
          <params>
            <param index="0">
              <value>
                <![CDATA[[TestResult name=searchTrains status=SUCCESS method=TestCase4.searchTrains()[pri:0, instance:scripts.TestCase4@353d0772] output={null}]]]>
              </value>
            </param>
          </params>
          <reporter-output>
          </reporter-output>
        </test-method> <!-- closeApplication -->
      </class> <!-- scripts.TestCase4 -->
    </test> <!-- Default test -->
  </suite> <!-- Default suite -->
</testng-results>
